SpeechBrain system description
==============================
Python version:
3.8.9 (default, May 30 2022, 13:21:44) 
[GCC 7.5.0]
==============================
Installed Python packages:
appdirs==1.4.4
attrs==22.1.0
black==19.10b0
certifi==2022.9.24
cfgv==3.3.1
charset-normalizer==2.1.1
click==8.0.4
distlib==0.3.6
entrypoints==0.3
filelock==3.8.0
flake8==3.7.9
future==0.18.2
gitdb==4.0.10
GitPython==3.1.14
huggingface-hub==0.11.1
HyperPyYAML==1.1.0
identify==2.5.9
idna==3.4
joblib==1.2.0
mccabe==0.6.1
mltracker @ file:///home/test/mltracker
more-itertools==9.0.0
nodeenv==1.7.0
numpy==1.22.4
packaging==21.3
pathspec==0.10.2
Pillow==9.1.1
platformdirs==2.5.4
pluggy==0.13.1
pre-commit==2.20.0
protobuf==4.21.1
py==1.11.0
pycodestyle==2.5.0
pyflakes==2.1.1
pyparsing==3.0.9
pytest==5.4.1
PyYAML==6.0
regex==2022.10.31
requests==2.28.1
ruamel.yaml==0.17.21
ruamel.yaml.clib==0.2.7
scipy==1.8.1
sentencepiece==0.1.97
six==1.16.0
smmap==5.0.0
-e git+https://github.com/TParcollet/speechbrain-released.git@40c2c0f6d080698835dfc094ab2b9db450dcf884#egg=speechbrain
tensorboardX==2.5
tokenizers==0.13.2
toml==0.10.2
torch==1.10.0+cu113
torchaudio==0.10.0+cu111
torchvision==0.11.1+cu113
tqdm==4.64.1
transformers==4.24.0
typed-ast==1.5.4
typing_extensions==4.2.0
urllib3==1.26.13
virtualenv==20.17.0
wcwidth==0.2.5
yamllint==1.23.0
==============================
Git revision:
40c2c0f6d
==============================
CUDA version:
11.3